<?xml version="1.0" encoding="UTF-8"?>
<testng-results skipped="0" failed="0" ignored="0" total="32" passed="32">
  <reporter-output>
  </reporter-output>
  <suite name="Surefire suite" duration-ms="9988" started-at="2019-10-25T11:59:13 IST" finished-at="2019-10-25T11:59:23 IST">
    <groups>
    </groups>
    <test name="Surefire test" duration-ms="9988" started-at="2019-10-25T11:59:13 IST" finished-at="2019-10-25T11:59:23 IST">
      <class name="com.organization.EmployeeApplicationTests">
        <test-method status="PASS" signature="springTestContextBeforeTestClass()[pri:0, instance:com.organization.EmployeeApplicationTests@2b4bac49]" name="springTestContextBeforeTestClass" is-config="true" duration-ms="11" started-at="2019-10-25T11:59:13 IST" finished-at="2019-10-25T11:59:13 IST">
          <reporter-output>
          </reporter-output>
        </test-method> <!-- springTestContextBeforeTestClass -->
        <test-method status="PASS" signature="springTestContextPrepareTestInstance()[pri:0, instance:com.organization.EmployeeApplicationTests@2b4bac49]" name="springTestContextPrepareTestInstance" is-config="true" duration-ms="8652" started-at="2019-10-25T11:59:13 IST" depends-on-methods="org.springframework.test.context.testng.AbstractTestNGSpringContextTests.springTestContextBeforeTestClass" finished-at="2019-10-25T11:59:21 IST">
          <reporter-output>
          </reporter-output>
        </test-method> <!-- springTestContextPrepareTestInstance -->
        <test-method status="PASS" signature="springTestContextBeforeTestMethod(java.lang.reflect.Method)[pri:0, instance:com.organization.EmployeeApplicationTests@2b4bac49]" name="springTestContextBeforeTestMethod" is-config="true" duration-ms="25" started-at="2019-10-25T11:59:22 IST" finished-at="2019-10-25T11:59:22 IST">
          <params>
            <param index="0">
              <value>
                <![CDATA[public void com.organization.EmployeeApplicationTests.TestForAddEmployee() throws java.lang.Exception]]>
              </value>
            </param>
          </params>
          <reporter-output>
          </reporter-output>
        </test-method> <!-- springTestContextBeforeTestMethod -->
        <test-method status="PASS" signature="TestForAddEmployee()[pri:0, instance:com.organization.EmployeeApplicationTests@2b4bac49]" name="TestForAddEmployee" duration-ms="471" started-at="2019-10-25T11:59:22 IST" finished-at="2019-10-25T11:59:22 IST">
          <reporter-output>
          </reporter-output>
        </test-method> <!-- TestForAddEmployee -->
        <test-method status="PASS" signature="springTestContextAfterTestMethod(java.lang.reflect.Method)[pri:0, instance:com.organization.EmployeeApplicationTests@2b4bac49]" name="springTestContextAfterTestMethod" is-config="true" duration-ms="5" started-at="2019-10-25T11:59:22 IST" finished-at="2019-10-25T11:59:22 IST">
          <params>
            <param index="0">
              <value>
                <![CDATA[public void com.organization.EmployeeApplicationTests.TestForAddEmployee() throws java.lang.Exception]]>
              </value>
            </param>
          </params>
          <reporter-output>
          </reporter-output>
        </test-method> <!-- springTestContextAfterTestMethod -->
        <test-method status="PASS" signature="springTestContextBeforeTestMethod(java.lang.reflect.Method)[pri:0, instance:com.organization.EmployeeApplicationTests@2b4bac49]" name="springTestContextBeforeTestMethod" is-config="true" duration-ms="2" started-at="2019-10-25T11:59:22 IST" finished-at="2019-10-25T11:59:22 IST">
          <params>
            <param index="0">
              <value>
                <![CDATA[public void com.organization.EmployeeApplicationTests.TestForAddEmployeeForAddingAnotherDirector() throws java.lang.Exception]]>
              </value>
            </param>
          </params>
          <reporter-output>
          </reporter-output>
        </test-method> <!-- springTestContextBeforeTestMethod -->
        <test-method status="PASS" signature="TestForAddEmployeeForAddingAnotherDirector()[pri:0, instance:com.organization.EmployeeApplicationTests@2b4bac49]" name="TestForAddEmployeeForAddingAnotherDirector" duration-ms="27" started-at="2019-10-25T11:59:22 IST" finished-at="2019-10-25T11:59:22 IST">
          <reporter-output>
          </reporter-output>
        </test-method> <!-- TestForAddEmployeeForAddingAnotherDirector -->
        <test-method status="PASS" signature="springTestContextAfterTestMethod(java.lang.reflect.Method)[pri:0, instance:com.organization.EmployeeApplicationTests@2b4bac49]" name="springTestContextAfterTestMethod" is-config="true" duration-ms="2" started-at="2019-10-25T11:59:22 IST" finished-at="2019-10-25T11:59:22 IST">
          <params>
            <param index="0">
              <value>
                <![CDATA[public void com.organization.EmployeeApplicationTests.TestForAddEmployeeForAddingAnotherDirector() throws java.lang.Exception]]>
              </value>
            </param>
          </params>
          <reporter-output>
          </reporter-output>
        </test-method> <!-- springTestContextAfterTestMethod -->
        <test-method status="PASS" signature="springTestContextBeforeTestMethod(java.lang.reflect.Method)[pri:0, instance:com.organization.EmployeeApplicationTests@2b4bac49]" name="springTestContextBeforeTestMethod" is-config="true" duration-ms="2" started-at="2019-10-25T11:59:22 IST" finished-at="2019-10-25T11:59:22 IST">
          <params>
            <param index="0">
              <value>
                <![CDATA[public void com.organization.EmployeeApplicationTests.TestForAddEmployeeForAddingEmployeeWithHigherOrEqualDesgnLevel() throws java.lang.Exception]]>
              </value>
            </param>
          </params>
          <reporter-output>
          </reporter-output>
        </test-method> <!-- springTestContextBeforeTestMethod -->
        <test-method status="PASS" signature="TestForAddEmployeeForAddingEmployeeWithHigherOrEqualDesgnLevel()[pri:0, instance:com.organization.EmployeeApplicationTests@2b4bac49]" name="TestForAddEmployeeForAddingEmployeeWithHigherOrEqualDesgnLevel" duration-ms="21" started-at="2019-10-25T11:59:22 IST" finished-at="2019-10-25T11:59:22 IST">
          <reporter-output>
          </reporter-output>
        </test-method> <!-- TestForAddEmployeeForAddingEmployeeWithHigherOrEqualDesgnLevel -->
        <test-method status="PASS" signature="springTestContextAfterTestMethod(java.lang.reflect.Method)[pri:0, instance:com.organization.EmployeeApplicationTests@2b4bac49]" name="springTestContextAfterTestMethod" is-config="true" duration-ms="1" started-at="2019-10-25T11:59:22 IST" finished-at="2019-10-25T11:59:22 IST">
          <params>
            <param index="0">
              <value>
                <![CDATA[public void com.organization.EmployeeApplicationTests.TestForAddEmployeeForAddingEmployeeWithHigherOrEqualDesgnLevel() throws java.lang.Exception]]>
              </value>
            </param>
          </params>
          <reporter-output>
          </reporter-output>
        </test-method> <!-- springTestContextAfterTestMethod -->
        <test-method status="PASS" signature="springTestContextBeforeTestMethod(java.lang.reflect.Method)[pri:0, instance:com.organization.EmployeeApplicationTests@2b4bac49]" name="springTestContextBeforeTestMethod" is-config="true" duration-ms="2" started-at="2019-10-25T11:59:22 IST" finished-at="2019-10-25T11:59:22 IST">
          <params>
            <param index="0">
              <value>
                <![CDATA[public void com.organization.EmployeeApplicationTests.TestForAddEmployeeForAddingFirstEmployeeWithManagerId() throws java.lang.Exception]]>
              </value>
            </param>
          </params>
          <reporter-output>
          </reporter-output>
        </test-method> <!-- springTestContextBeforeTestMethod -->
        <test-method status="PASS" signature="TestForAddEmployeeForAddingFirstEmployeeWithManagerId()[pri:0, instance:com.organization.EmployeeApplicationTests@2b4bac49]" name="TestForAddEmployeeForAddingFirstEmployeeWithManagerId" duration-ms="61" started-at="2019-10-25T11:59:22 IST" finished-at="2019-10-25T11:59:22 IST">
          <reporter-output>
          </reporter-output>
        </test-method> <!-- TestForAddEmployeeForAddingFirstEmployeeWithManagerId -->
        <test-method status="PASS" signature="springTestContextAfterTestMethod(java.lang.reflect.Method)[pri:0, instance:com.organization.EmployeeApplicationTests@2b4bac49]" name="springTestContextAfterTestMethod" is-config="true" duration-ms="4" started-at="2019-10-25T11:59:22 IST" finished-at="2019-10-25T11:59:22 IST">
          <params>
            <param index="0">
              <value>
                <![CDATA[public void com.organization.EmployeeApplicationTests.TestForAddEmployeeForAddingFirstEmployeeWithManagerId() throws java.lang.Exception]]>
              </value>
            </param>
          </params>
          <reporter-output>
          </reporter-output>
        </test-method> <!-- springTestContextAfterTestMethod -->
        <test-method status="PASS" signature="springTestContextBeforeTestMethod(java.lang.reflect.Method)[pri:0, instance:com.organization.EmployeeApplicationTests@2b4bac49]" name="springTestContextBeforeTestMethod" is-config="true" duration-ms="2" started-at="2019-10-25T11:59:22 IST" finished-at="2019-10-25T11:59:22 IST">
          <params>
            <param index="0">
              <value>
                <![CDATA[public void com.organization.EmployeeApplicationTests.TestForAddEmployeeForAddingFirstEmployeeWithNullManagerId() throws java.lang.Exception]]>
              </value>
            </param>
          </params>
          <reporter-output>
          </reporter-output>
        </test-method> <!-- springTestContextBeforeTestMethod -->
        <test-method status="PASS" signature="TestForAddEmployeeForAddingFirstEmployeeWithNullManagerId()[pri:0, instance:com.organization.EmployeeApplicationTests@2b4bac49]" name="TestForAddEmployeeForAddingFirstEmployeeWithNullManagerId" duration-ms="35" started-at="2019-10-25T11:59:22 IST" finished-at="2019-10-25T11:59:22 IST">
          <reporter-output>
          </reporter-output>
        </test-method> <!-- TestForAddEmployeeForAddingFirstEmployeeWithNullManagerId -->
        <test-method status="PASS" signature="springTestContextAfterTestMethod(java.lang.reflect.Method)[pri:0, instance:com.organization.EmployeeApplicationTests@2b4bac49]" name="springTestContextAfterTestMethod" is-config="true" duration-ms="3" started-at="2019-10-25T11:59:22 IST" finished-at="2019-10-25T11:59:22 IST">
          <params>
            <param index="0">
              <value>
                <![CDATA[public void com.organization.EmployeeApplicationTests.TestForAddEmployeeForAddingFirstEmployeeWithNullManagerId() throws java.lang.Exception]]>
              </value>
            </param>
          </params>
          <reporter-output>
          </reporter-output>
        </test-method> <!-- springTestContextAfterTestMethod -->
        <test-method status="PASS" signature="springTestContextBeforeTestMethod(java.lang.reflect.Method)[pri:0, instance:com.organization.EmployeeApplicationTests@2b4bac49]" name="springTestContextBeforeTestMethod" is-config="true" duration-ms="4" started-at="2019-10-25T11:59:22 IST" finished-at="2019-10-25T11:59:22 IST">
          <params>
            <param index="0">
              <value>
                <![CDATA[public void com.organization.EmployeeApplicationTests.TestForAddEmployeeForInValidDesignation() throws java.lang.Exception]]>
              </value>
            </param>
          </params>
          <reporter-output>
          </reporter-output>
        </test-method> <!-- springTestContextBeforeTestMethod -->
        <test-method status="PASS" signature="TestForAddEmployeeForInValidDesignation()[pri:0, instance:com.organization.EmployeeApplicationTests@2b4bac49]" name="TestForAddEmployeeForInValidDesignation" duration-ms="17" started-at="2019-10-25T11:59:22 IST" finished-at="2019-10-25T11:59:22 IST">
          <reporter-output>
          </reporter-output>
        </test-method> <!-- TestForAddEmployeeForInValidDesignation -->
        <test-method status="PASS" signature="springTestContextAfterTestMethod(java.lang.reflect.Method)[pri:0, instance:com.organization.EmployeeApplicationTests@2b4bac49]" name="springTestContextAfterTestMethod" is-config="true" duration-ms="2" started-at="2019-10-25T11:59:22 IST" finished-at="2019-10-25T11:59:22 IST">
          <params>
            <param index="0">
              <value>
                <![CDATA[public void com.organization.EmployeeApplicationTests.TestForAddEmployeeForInValidDesignation() throws java.lang.Exception]]>
              </value>
            </param>
          </params>
          <reporter-output>
          </reporter-output>
        </test-method> <!-- springTestContextAfterTestMethod -->
        <test-method status="PASS" signature="springTestContextBeforeTestMethod(java.lang.reflect.Method)[pri:0, instance:com.organization.EmployeeApplicationTests@2b4bac49]" name="springTestContextBeforeTestMethod" is-config="true" duration-ms="3" started-at="2019-10-25T11:59:22 IST" finished-at="2019-10-25T11:59:22 IST">
          <params>
            <param index="0">
              <value>
                <![CDATA[public void com.organization.EmployeeApplicationTests.TestForAddEmployeeForNullEmployeeName() throws java.lang.Exception]]>
              </value>
            </param>
          </params>
          <reporter-output>
          </reporter-output>
        </test-method> <!-- springTestContextBeforeTestMethod -->
        <test-method status="PASS" signature="TestForAddEmployeeForNullEmployeeName()[pri:0, instance:com.organization.EmployeeApplicationTests@2b4bac49]" name="TestForAddEmployeeForNullEmployeeName" duration-ms="8" started-at="2019-10-25T11:59:22 IST" finished-at="2019-10-25T11:59:22 IST">
          <reporter-output>
          </reporter-output>
        </test-method> <!-- TestForAddEmployeeForNullEmployeeName -->
        <test-method status="PASS" signature="springTestContextAfterTestMethod(java.lang.reflect.Method)[pri:0, instance:com.organization.EmployeeApplicationTests@2b4bac49]" name="springTestContextAfterTestMethod" is-config="true" duration-ms="1" started-at="2019-10-25T11:59:22 IST" finished-at="2019-10-25T11:59:22 IST">
          <params>
            <param index="0">
              <value>
                <![CDATA[public void com.organization.EmployeeApplicationTests.TestForAddEmployeeForNullEmployeeName() throws java.lang.Exception]]>
              </value>
            </param>
          </params>
          <reporter-output>
          </reporter-output>
        </test-method> <!-- springTestContextAfterTestMethod -->
        <test-method status="PASS" signature="springTestContextBeforeTestMethod(java.lang.reflect.Method)[pri:0, instance:com.organization.EmployeeApplicationTests@2b4bac49]" name="springTestContextBeforeTestMethod" is-config="true" duration-ms="2" started-at="2019-10-25T11:59:22 IST" finished-at="2019-10-25T11:59:22 IST">
          <params>
            <param index="0">
              <value>
                <![CDATA[public void com.organization.EmployeeApplicationTests.TestForAddEmployeeForNullJobTile() throws java.lang.Exception]]>
              </value>
            </param>
          </params>
          <reporter-output>
          </reporter-output>
        </test-method> <!-- springTestContextBeforeTestMethod -->
        <test-method status="PASS" signature="TestForAddEmployeeForNullJobTile()[pri:0, instance:com.organization.EmployeeApplicationTests@2b4bac49]" name="TestForAddEmployeeForNullJobTile" duration-ms="6" started-at="2019-10-25T11:59:22 IST" finished-at="2019-10-25T11:59:22 IST">
          <reporter-output>
          </reporter-output>
        </test-method> <!-- TestForAddEmployeeForNullJobTile -->
        <test-method status="PASS" signature="springTestContextAfterTestMethod(java.lang.reflect.Method)[pri:0, instance:com.organization.EmployeeApplicationTests@2b4bac49]" name="springTestContextAfterTestMethod" is-config="true" duration-ms="2" started-at="2019-10-25T11:59:22 IST" finished-at="2019-10-25T11:59:22 IST">
          <params>
            <param index="0">
              <value>
                <![CDATA[public void com.organization.EmployeeApplicationTests.TestForAddEmployeeForNullJobTile() throws java.lang.Exception]]>
              </value>
            </param>
          </params>
          <reporter-output>
          </reporter-output>
        </test-method> <!-- springTestContextAfterTestMethod -->
        <test-method status="PASS" signature="springTestContextBeforeTestMethod(java.lang.reflect.Method)[pri:0, instance:com.organization.EmployeeApplicationTests@2b4bac49]" name="springTestContextBeforeTestMethod" is-config="true" duration-ms="4" started-at="2019-10-25T11:59:22 IST" finished-at="2019-10-25T11:59:22 IST">
          <params>
            <param index="0">
              <value>
                <![CDATA[public void com.organization.EmployeeApplicationTests.TestForAddEmployeeForNullManagerId() throws java.lang.Exception]]>
              </value>
            </param>
          </params>
          <reporter-output>
          </reporter-output>
        </test-method> <!-- springTestContextBeforeTestMethod -->
        <test-method status="PASS" signature="TestForAddEmployeeForNullManagerId()[pri:0, instance:com.organization.EmployeeApplicationTests@2b4bac49]" name="TestForAddEmployeeForNullManagerId" duration-ms="18" started-at="2019-10-25T11:59:22 IST" finished-at="2019-10-25T11:59:22 IST">
          <reporter-output>
          </reporter-output>
        </test-method> <!-- TestForAddEmployeeForNullManagerId -->
        <test-method status="PASS" signature="springTestContextAfterTestMethod(java.lang.reflect.Method)[pri:0, instance:com.organization.EmployeeApplicationTests@2b4bac49]" name="springTestContextAfterTestMethod" is-config="true" duration-ms="1" started-at="2019-10-25T11:59:22 IST" finished-at="2019-10-25T11:59:22 IST">
          <params>
            <param index="0">
              <value>
                <![CDATA[public void com.organization.EmployeeApplicationTests.TestForAddEmployeeForNullManagerId() throws java.lang.Exception]]>
              </value>
            </param>
          </params>
          <reporter-output>
          </reporter-output>
        </test-method> <!-- springTestContextAfterTestMethod -->
        <test-method status="PASS" signature="springTestContextBeforeTestMethod(java.lang.reflect.Method)[pri:0, instance:com.organization.EmployeeApplicationTests@2b4bac49]" name="springTestContextBeforeTestMethod" is-config="true" duration-ms="4" started-at="2019-10-25T11:59:22 IST" finished-at="2019-10-25T11:59:22 IST">
          <params>
            <param index="0">
              <value>
                <![CDATA[public void com.organization.EmployeeApplicationTests.TestForDeletingDirectorWithSubordinates() throws java.lang.Exception]]>
              </value>
            </param>
          </params>
          <reporter-output>
          </reporter-output>
        </test-method> <!-- springTestContextBeforeTestMethod -->
        <test-method status="PASS" signature="TestForDeletingDirectorWithSubordinates()[pri:0, instance:com.organization.EmployeeApplicationTests@2b4bac49]" name="TestForDeletingDirectorWithSubordinates" duration-ms="14" started-at="2019-10-25T11:59:22 IST" finished-at="2019-10-25T11:59:22 IST">
          <reporter-output>
          </reporter-output>
        </test-method> <!-- TestForDeletingDirectorWithSubordinates -->
        <test-method status="PASS" signature="springTestContextAfterTestMethod(java.lang.reflect.Method)[pri:0, instance:com.organization.EmployeeApplicationTests@2b4bac49]" name="springTestContextAfterTestMethod" is-config="true" duration-ms="1" started-at="2019-10-25T11:59:22 IST" finished-at="2019-10-25T11:59:22 IST">
          <params>
            <param index="0">
              <value>
                <![CDATA[public void com.organization.EmployeeApplicationTests.TestForDeletingDirectorWithSubordinates() throws java.lang.Exception]]>
              </value>
            </param>
          </params>
          <reporter-output>
          </reporter-output>
        </test-method> <!-- springTestContextAfterTestMethod -->
        <test-method status="PASS" signature="springTestContextBeforeTestMethod(java.lang.reflect.Method)[pri:0, instance:com.organization.EmployeeApplicationTests@2b4bac49]" name="springTestContextBeforeTestMethod" is-config="true" duration-ms="1" started-at="2019-10-25T11:59:22 IST" finished-at="2019-10-25T11:59:22 IST">
          <params>
            <param index="0">
              <value>
                <![CDATA[public void com.organization.EmployeeApplicationTests.TestForDeletingDirectorWithoutSubordinates() throws java.lang.Exception]]>
              </value>
            </param>
          </params>
          <reporter-output>
          </reporter-output>
        </test-method> <!-- springTestContextBeforeTestMethod -->
        <test-method status="PASS" signature="TestForDeletingDirectorWithoutSubordinates()[pri:0, instance:com.organization.EmployeeApplicationTests@2b4bac49]" name="TestForDeletingDirectorWithoutSubordinates" duration-ms="42" started-at="2019-10-25T11:59:22 IST" finished-at="2019-10-25T11:59:22 IST">
          <reporter-output>
          </reporter-output>
        </test-method> <!-- TestForDeletingDirectorWithoutSubordinates -->
        <test-method status="PASS" signature="springTestContextAfterTestMethod(java.lang.reflect.Method)[pri:0, instance:com.organization.EmployeeApplicationTests@2b4bac49]" name="springTestContextAfterTestMethod" is-config="true" duration-ms="3" started-at="2019-10-25T11:59:22 IST" finished-at="2019-10-25T11:59:22 IST">
          <params>
            <param index="0">
              <value>
                <![CDATA[public void com.organization.EmployeeApplicationTests.TestForDeletingDirectorWithoutSubordinates() throws java.lang.Exception]]>
              </value>
            </param>
          </params>
          <reporter-output>
          </reporter-output>
        </test-method> <!-- springTestContextAfterTestMethod -->
        <test-method status="PASS" signature="springTestContextBeforeTestMethod(java.lang.reflect.Method)[pri:0, instance:com.organization.EmployeeApplicationTests@2b4bac49]" name="springTestContextBeforeTestMethod" is-config="true" duration-ms="2" started-at="2019-10-25T11:59:22 IST" finished-at="2019-10-25T11:59:22 IST">
          <params>
            <param index="0">
              <value>
                <![CDATA[public void com.organization.EmployeeApplicationTests.getAllEmployeeNullTest() throws java.lang.Exception]]>
              </value>
            </param>
          </params>
          <reporter-output>
          </reporter-output>
        </test-method> <!-- springTestContextBeforeTestMethod -->
        <test-method status="PASS" signature="getAllEmployeeNullTest()[pri:0, instance:com.organization.EmployeeApplicationTests@2b4bac49]" name="getAllEmployeeNullTest" duration-ms="22" started-at="2019-10-25T11:59:22 IST" finished-at="2019-10-25T11:59:22 IST">
          <reporter-output>
          </reporter-output>
        </test-method> <!-- getAllEmployeeNullTest -->
        <test-method status="PASS" signature="springTestContextAfterTestMethod(java.lang.reflect.Method)[pri:0, instance:com.organization.EmployeeApplicationTests@2b4bac49]" name="springTestContextAfterTestMethod" is-config="true" duration-ms="3" started-at="2019-10-25T11:59:22 IST" finished-at="2019-10-25T11:59:22 IST">
          <params>
            <param index="0">
              <value>
                <![CDATA[public void com.organization.EmployeeApplicationTests.getAllEmployeeNullTest() throws java.lang.Exception]]>
              </value>
            </param>
          </params>
          <reporter-output>
          </reporter-output>
        </test-method> <!-- springTestContextAfterTestMethod -->
        <test-method status="PASS" signature="springTestContextBeforeTestMethod(java.lang.reflect.Method)[pri:0, instance:com.organization.EmployeeApplicationTests@2b4bac49]" name="springTestContextBeforeTestMethod" is-config="true" duration-ms="3" started-at="2019-10-25T11:59:22 IST" finished-at="2019-10-25T11:59:22 IST">
          <params>
            <param index="0">
              <value>
                <![CDATA[public void com.organization.EmployeeApplicationTests.getAllEmployeeStatusTest() throws java.lang.Exception]]>
              </value>
            </param>
          </params>
          <reporter-output>
          </reporter-output>
        </test-method> <!-- springTestContextBeforeTestMethod -->
        <test-method status="PASS" signature="getAllEmployeeStatusTest()[pri:0, instance:com.organization.EmployeeApplicationTests@2b4bac49]" name="getAllEmployeeStatusTest" duration-ms="11" started-at="2019-10-25T11:59:22 IST" finished-at="2019-10-25T11:59:22 IST">
          <reporter-output>
          </reporter-output>
        </test-method> <!-- getAllEmployeeStatusTest -->
        <test-method status="PASS" signature="springTestContextAfterTestMethod(java.lang.reflect.Method)[pri:0, instance:com.organization.EmployeeApplicationTests@2b4bac49]" name="springTestContextAfterTestMethod" is-config="true" duration-ms="4" started-at="2019-10-25T11:59:22 IST" finished-at="2019-10-25T11:59:22 IST">
          <params>
            <param index="0">
              <value>
                <![CDATA[public void com.organization.EmployeeApplicationTests.getAllEmployeeStatusTest() throws java.lang.Exception]]>
              </value>
            </param>
          </params>
          <reporter-output>
          </reporter-output>
        </test-method> <!-- springTestContextAfterTestMethod -->
        <test-method status="PASS" signature="springTestContextBeforeTestMethod(java.lang.reflect.Method)[pri:0, instance:com.organization.EmployeeApplicationTests@2b4bac49]" name="springTestContextBeforeTestMethod" is-config="true" duration-ms="2" started-at="2019-10-25T11:59:22 IST" finished-at="2019-10-25T11:59:22 IST">
          <params>
            <param index="0">
              <value>
                <![CDATA[public void com.organization.EmployeeApplicationTests.getAllEmployeeTest() throws java.lang.Exception]]>
              </value>
            </param>
          </params>
          <reporter-output>
          </reporter-output>
        </test-method> <!-- springTestContextBeforeTestMethod -->
        <test-method status="PASS" signature="getAllEmployeeTest()[pri:0, instance:com.organization.EmployeeApplicationTests@2b4bac49]" name="getAllEmployeeTest" duration-ms="72" started-at="2019-10-25T11:59:22 IST" finished-at="2019-10-25T11:59:22 IST">
          <reporter-output>
          </reporter-output>
        </test-method> <!-- getAllEmployeeTest -->
        <test-method status="PASS" signature="springTestContextAfterTestMethod(java.lang.reflect.Method)[pri:0, instance:com.organization.EmployeeApplicationTests@2b4bac49]" name="springTestContextAfterTestMethod" is-config="true" duration-ms="2" started-at="2019-10-25T11:59:22 IST" finished-at="2019-10-25T11:59:22 IST">
          <params>
            <param index="0">
              <value>
                <![CDATA[public void com.organization.EmployeeApplicationTests.getAllEmployeeTest() throws java.lang.Exception]]>
              </value>
            </param>
          </params>
          <reporter-output>
          </reporter-output>
        </test-method> <!-- springTestContextAfterTestMethod -->
        <test-method status="PASS" signature="springTestContextBeforeTestMethod(java.lang.reflect.Method)[pri:0, instance:com.organization.EmployeeApplicationTests@2b4bac49]" name="springTestContextBeforeTestMethod" is-config="true" duration-ms="1" started-at="2019-10-25T11:59:22 IST" finished-at="2019-10-25T11:59:22 IST">
          <params>
            <param index="0">
              <value>
                <![CDATA[public void com.organization.EmployeeApplicationTests.testDeleteEmployeeByIdForEmployeeIdNotPresent() throws java.lang.Exception]]>
              </value>
            </param>
          </params>
          <reporter-output>
          </reporter-output>
        </test-method> <!-- springTestContextBeforeTestMethod -->
        <test-method status="PASS" signature="testDeleteEmployeeByIdForEmployeeIdNotPresent()[pri:0, instance:com.organization.EmployeeApplicationTests@2b4bac49]" name="testDeleteEmployeeByIdForEmployeeIdNotPresent" duration-ms="6" started-at="2019-10-25T11:59:22 IST" finished-at="2019-10-25T11:59:22 IST">
          <reporter-output>
          </reporter-output>
        </test-method> <!-- testDeleteEmployeeByIdForEmployeeIdNotPresent -->
        <test-method status="PASS" signature="springTestContextAfterTestMethod(java.lang.reflect.Method)[pri:0, instance:com.organization.EmployeeApplicationTests@2b4bac49]" name="springTestContextAfterTestMethod" is-config="true" duration-ms="3" started-at="2019-10-25T11:59:22 IST" finished-at="2019-10-25T11:59:22 IST">
          <params>
            <param index="0">
              <value>
                <![CDATA[public void com.organization.EmployeeApplicationTests.testDeleteEmployeeByIdForEmployeeIdNotPresent() throws java.lang.Exception]]>
              </value>
            </param>
          </params>
          <reporter-output>
          </reporter-output>
        </test-method> <!-- springTestContextAfterTestMethod -->
        <test-method status="PASS" signature="springTestContextBeforeTestMethod(java.lang.reflect.Method)[pri:0, instance:com.organization.EmployeeApplicationTests@2b4bac49]" name="springTestContextBeforeTestMethod" is-config="true" duration-ms="3" started-at="2019-10-25T11:59:22 IST" finished-at="2019-10-25T11:59:22 IST">
          <params>
            <param index="0">
              <value>
                <![CDATA[public void com.organization.EmployeeApplicationTests.testDeleteEmployeeByIdForInvalidNegativeEmployeeId() throws java.lang.Exception]]>
              </value>
            </param>
          </params>
          <reporter-output>
          </reporter-output>
        </test-method> <!-- springTestContextBeforeTestMethod -->
        <test-method status="PASS" signature="testDeleteEmployeeByIdForInvalidNegativeEmployeeId()[pri:0, instance:com.organization.EmployeeApplicationTests@2b4bac49]" name="testDeleteEmployeeByIdForInvalidNegativeEmployeeId" duration-ms="5" started-at="2019-10-25T11:59:22 IST" finished-at="2019-10-25T11:59:22 IST">
          <reporter-output>
          </reporter-output>
        </test-method> <!-- testDeleteEmployeeByIdForInvalidNegativeEmployeeId -->
        <test-method status="PASS" signature="springTestContextAfterTestMethod(java.lang.reflect.Method)[pri:0, instance:com.organization.EmployeeApplicationTests@2b4bac49]" name="springTestContextAfterTestMethod" is-config="true" duration-ms="3" started-at="2019-10-25T11:59:22 IST" finished-at="2019-10-25T11:59:22 IST">
          <params>
            <param index="0">
              <value>
                <![CDATA[public void com.organization.EmployeeApplicationTests.testDeleteEmployeeByIdForInvalidNegativeEmployeeId() throws java.lang.Exception]]>
              </value>
            </param>
          </params>
          <reporter-output>
          </reporter-output>
        </test-method> <!-- springTestContextAfterTestMethod -->
        <test-method status="PASS" signature="springTestContextBeforeTestMethod(java.lang.reflect.Method)[pri:0, instance:com.organization.EmployeeApplicationTests@2b4bac49]" name="springTestContextBeforeTestMethod" is-config="true" duration-ms="2" started-at="2019-10-25T11:59:22 IST" finished-at="2019-10-25T11:59:22 IST">
          <params>
            <param index="0">
              <value>
                <![CDATA[public void com.organization.EmployeeApplicationTests.testDeleteEmployeeByIdWithNoSubordinates() throws java.lang.Exception]]>
              </value>
            </param>
          </params>
          <reporter-output>
          </reporter-output>
        </test-method> <!-- springTestContextBeforeTestMethod -->
        <test-method status="PASS" signature="testDeleteEmployeeByIdWithNoSubordinates()[pri:0, instance:com.organization.EmployeeApplicationTests@2b4bac49]" name="testDeleteEmployeeByIdWithNoSubordinates" duration-ms="12" started-at="2019-10-25T11:59:22 IST" finished-at="2019-10-25T11:59:22 IST">
          <reporter-output>
          </reporter-output>
        </test-method> <!-- testDeleteEmployeeByIdWithNoSubordinates -->
        <test-method status="PASS" signature="springTestContextAfterTestMethod(java.lang.reflect.Method)[pri:0, instance:com.organization.EmployeeApplicationTests@2b4bac49]" name="springTestContextAfterTestMethod" is-config="true" duration-ms="2" started-at="2019-10-25T11:59:22 IST" finished-at="2019-10-25T11:59:22 IST">
          <params>
            <param index="0">
              <value>
                <![CDATA[public void com.organization.EmployeeApplicationTests.testDeleteEmployeeByIdWithNoSubordinates() throws java.lang.Exception]]>
              </value>
            </param>
          </params>
          <reporter-output>
          </reporter-output>
        </test-method> <!-- springTestContextAfterTestMethod -->
        <test-method status="PASS" signature="springTestContextBeforeTestMethod(java.lang.reflect.Method)[pri:0, instance:com.organization.EmployeeApplicationTests@2b4bac49]" name="springTestContextBeforeTestMethod" is-config="true" duration-ms="2" started-at="2019-10-25T11:59:22 IST" finished-at="2019-10-25T11:59:22 IST">
          <params>
            <param index="0">
              <value>
                <![CDATA[public void com.organization.EmployeeApplicationTests.testDeleteEmployeeByIdWithSubordinates() throws java.lang.Exception]]>
              </value>
            </param>
          </params>
          <reporter-output>
          </reporter-output>
        </test-method> <!-- springTestContextBeforeTestMethod -->
        <test-method status="PASS" signature="testDeleteEmployeeByIdWithSubordinates()[pri:0, instance:com.organization.EmployeeApplicationTests@2b4bac49]" name="testDeleteEmployeeByIdWithSubordinates" duration-ms="15" started-at="2019-10-25T11:59:22 IST" finished-at="2019-10-25T11:59:23 IST">
          <reporter-output>
          </reporter-output>
        </test-method> <!-- testDeleteEmployeeByIdWithSubordinates -->
        <test-method status="PASS" signature="springTestContextAfterTestMethod(java.lang.reflect.Method)[pri:0, instance:com.organization.EmployeeApplicationTests@2b4bac49]" name="springTestContextAfterTestMethod" is-config="true" duration-ms="2" started-at="2019-10-25T11:59:23 IST" finished-at="2019-10-25T11:59:23 IST">
          <params>
            <param index="0">
              <value>
                <![CDATA[public void com.organization.EmployeeApplicationTests.testDeleteEmployeeByIdWithSubordinates() throws java.lang.Exception]]>
              </value>
            </param>
          </params>
          <reporter-output>
          </reporter-output>
        </test-method> <!-- springTestContextAfterTestMethod -->
        <test-method status="PASS" signature="springTestContextBeforeTestMethod(java.lang.reflect.Method)[pri:0, instance:com.organization.EmployeeApplicationTests@2b4bac49]" name="springTestContextBeforeTestMethod" is-config="true" duration-ms="1" started-at="2019-10-25T11:59:23 IST" finished-at="2019-10-25T11:59:23 IST">
          <params>
            <param index="0">
              <value>
                <![CDATA[public void com.organization.EmployeeApplicationTests.testGetEmployeeByForEmployeeIdNotPresent() throws java.lang.Exception]]>
              </value>
            </param>
          </params>
          <reporter-output>
          </reporter-output>
        </test-method> <!-- springTestContextBeforeTestMethod -->
        <test-method status="PASS" signature="testGetEmployeeByForEmployeeIdNotPresent()[pri:0, instance:com.organization.EmployeeApplicationTests@2b4bac49]" name="testGetEmployeeByForEmployeeIdNotPresent" duration-ms="5" started-at="2019-10-25T11:59:23 IST" finished-at="2019-10-25T11:59:23 IST">
          <reporter-output>
          </reporter-output>
        </test-method> <!-- testGetEmployeeByForEmployeeIdNotPresent -->
        <test-method status="PASS" signature="springTestContextAfterTestMethod(java.lang.reflect.Method)[pri:0, instance:com.organization.EmployeeApplicationTests@2b4bac49]" name="springTestContextAfterTestMethod" is-config="true" duration-ms="2" started-at="2019-10-25T11:59:23 IST" finished-at="2019-10-25T11:59:23 IST">
          <params>
            <param index="0">
              <value>
                <![CDATA[public void com.organization.EmployeeApplicationTests.testGetEmployeeByForEmployeeIdNotPresent() throws java.lang.Exception]]>
              </value>
            </param>
          </params>
          <reporter-output>
          </reporter-output>
        </test-method> <!-- springTestContextAfterTestMethod -->
        <test-method status="PASS" signature="springTestContextBeforeTestMethod(java.lang.reflect.Method)[pri:0, instance:com.organization.EmployeeApplicationTests@2b4bac49]" name="springTestContextBeforeTestMethod" is-config="true" duration-ms="1" started-at="2019-10-25T11:59:23 IST" finished-at="2019-10-25T11:59:23 IST">
          <params>
            <param index="0">
              <value>
                <![CDATA[public void com.organization.EmployeeApplicationTests.testGetEmployeeById() throws java.lang.Exception]]>
              </value>
            </param>
          </params>
          <reporter-output>
          </reporter-output>
        </test-method> <!-- springTestContextBeforeTestMethod -->
        <test-method status="PASS" signature="testGetEmployeeById()[pri:0, instance:com.organization.EmployeeApplicationTests@2b4bac49]" name="testGetEmployeeById" duration-ms="11" started-at="2019-10-25T11:59:23 IST" finished-at="2019-10-25T11:59:23 IST">
          <reporter-output>
          </reporter-output>
        </test-method> <!-- testGetEmployeeById -->
        <test-method status="PASS" signature="springTestContextAfterTestMethod(java.lang.reflect.Method)[pri:0, instance:com.organization.EmployeeApplicationTests@2b4bac49]" name="springTestContextAfterTestMethod" is-config="true" duration-ms="1" started-at="2019-10-25T11:59:23 IST" finished-at="2019-10-25T11:59:23 IST">
          <params>
            <param index="0">
              <value>
                <![CDATA[public void com.organization.EmployeeApplicationTests.testGetEmployeeById() throws java.lang.Exception]]>
              </value>
            </param>
          </params>
          <reporter-output>
          </reporter-output>
        </test-method> <!-- springTestContextAfterTestMethod -->
        <test-method status="PASS" signature="springTestContextBeforeTestMethod(java.lang.reflect.Method)[pri:0, instance:com.organization.EmployeeApplicationTests@2b4bac49]" name="springTestContextBeforeTestMethod" is-config="true" duration-ms="2" started-at="2019-10-25T11:59:23 IST" finished-at="2019-10-25T11:59:23 IST">
          <params>
            <param index="0">
              <value>
                <![CDATA[public void com.organization.EmployeeApplicationTests.testGetEmployeeByIdForInvalidEmployeeId() throws java.lang.Exception]]>
              </value>
            </param>
          </params>
          <reporter-output>
          </reporter-output>
        </test-method> <!-- springTestContextBeforeTestMethod -->
        <test-method status="PASS" signature="testGetEmployeeByIdForInvalidEmployeeId()[pri:0, instance:com.organization.EmployeeApplicationTests@2b4bac49]" name="testGetEmployeeByIdForInvalidEmployeeId" duration-ms="4" started-at="2019-10-25T11:59:23 IST" finished-at="2019-10-25T11:59:23 IST">
          <reporter-output>
          </reporter-output>
        </test-method> <!-- testGetEmployeeByIdForInvalidEmployeeId -->
        <test-method status="PASS" signature="springTestContextAfterTestMethod(java.lang.reflect.Method)[pri:0, instance:com.organization.EmployeeApplicationTests@2b4bac49]" name="springTestContextAfterTestMethod" is-config="true" duration-ms="1" started-at="2019-10-25T11:59:23 IST" finished-at="2019-10-25T11:59:23 IST">
          <params>
            <param index="0">
              <value>
                <![CDATA[public void com.organization.EmployeeApplicationTests.testGetEmployeeByIdForInvalidEmployeeId() throws java.lang.Exception]]>
              </value>
            </param>
          </params>
          <reporter-output>
          </reporter-output>
        </test-method> <!-- springTestContextAfterTestMethod -->
        <test-method status="PASS" signature="springTestContextBeforeTestMethod(java.lang.reflect.Method)[pri:0, instance:com.organization.EmployeeApplicationTests@2b4bac49]" name="springTestContextBeforeTestMethod" is-config="true" duration-ms="3" started-at="2019-10-25T11:59:23 IST" finished-at="2019-10-25T11:59:23 IST">
          <params>
            <param index="0">
              <value>
                <![CDATA[public void com.organization.EmployeeApplicationTests.testUpdateEmployeeDetailsForEmployeeIdNotPresent() throws java.lang.Exception]]>
              </value>
            </param>
          </params>
          <reporter-output>
          </reporter-output>
        </test-method> <!-- springTestContextBeforeTestMethod -->
        <test-method status="PASS" signature="testUpdateEmployeeDetailsForEmployeeIdNotPresent()[pri:0, instance:com.organization.EmployeeApplicationTests@2b4bac49]" name="testUpdateEmployeeDetailsForEmployeeIdNotPresent" duration-ms="13" started-at="2019-10-25T11:59:23 IST" finished-at="2019-10-25T11:59:23 IST">
          <reporter-output>
          </reporter-output>
        </test-method> <!-- testUpdateEmployeeDetailsForEmployeeIdNotPresent -->
        <test-method status="PASS" signature="springTestContextAfterTestMethod(java.lang.reflect.Method)[pri:0, instance:com.organization.EmployeeApplicationTests@2b4bac49]" name="springTestContextAfterTestMethod" is-config="true" duration-ms="1" started-at="2019-10-25T11:59:23 IST" finished-at="2019-10-25T11:59:23 IST">
          <params>
            <param index="0">
              <value>
                <![CDATA[public void com.organization.EmployeeApplicationTests.testUpdateEmployeeDetailsForEmployeeIdNotPresent() throws java.lang.Exception]]>
              </value>
            </param>
          </params>
          <reporter-output>
          </reporter-output>
        </test-method> <!-- springTestContextAfterTestMethod -->
        <test-method status="PASS" signature="springTestContextBeforeTestMethod(java.lang.reflect.Method)[pri:0, instance:com.organization.EmployeeApplicationTests@2b4bac49]" name="springTestContextBeforeTestMethod" is-config="true" duration-ms="1" started-at="2019-10-25T11:59:23 IST" finished-at="2019-10-25T11:59:23 IST">
          <params>
            <param index="0">
              <value>
                <![CDATA[public void com.organization.EmployeeApplicationTests.testUpdateEmployeeDetailsForReplaceFalse() throws java.lang.Exception]]>
              </value>
            </param>
          </params>
          <reporter-output>
          </reporter-output>
        </test-method> <!-- springTestContextBeforeTestMethod -->
        <test-method status="PASS" signature="testUpdateEmployeeDetailsForReplaceFalse()[pri:0, instance:com.organization.EmployeeApplicationTests@2b4bac49]" name="testUpdateEmployeeDetailsForReplaceFalse" duration-ms="30" started-at="2019-10-25T11:59:23 IST" finished-at="2019-10-25T11:59:23 IST">
          <reporter-output>
          </reporter-output>
        </test-method> <!-- testUpdateEmployeeDetailsForReplaceFalse -->
        <test-method status="PASS" signature="springTestContextAfterTestMethod(java.lang.reflect.Method)[pri:0, instance:com.organization.EmployeeApplicationTests@2b4bac49]" name="springTestContextAfterTestMethod" is-config="true" duration-ms="4" started-at="2019-10-25T11:59:23 IST" finished-at="2019-10-25T11:59:23 IST">
          <params>
            <param index="0">
              <value>
                <![CDATA[public void com.organization.EmployeeApplicationTests.testUpdateEmployeeDetailsForReplaceFalse() throws java.lang.Exception]]>
              </value>
            </param>
          </params>
          <reporter-output>
          </reporter-output>
        </test-method> <!-- springTestContextAfterTestMethod -->
        <test-method status="PASS" signature="springTestContextBeforeTestMethod(java.lang.reflect.Method)[pri:0, instance:com.organization.EmployeeApplicationTests@2b4bac49]" name="springTestContextBeforeTestMethod" is-config="true" duration-ms="1" started-at="2019-10-25T11:59:23 IST" finished-at="2019-10-25T11:59:23 IST">
          <params>
            <param index="0">
              <value>
                <![CDATA[public void com.organization.EmployeeApplicationTests.testUpdateEmployeeDetailsForReplaceFalseInvalidJobTitle() throws java.lang.Exception]]>
              </value>
            </param>
          </params>
          <reporter-output>
          </reporter-output>
        </test-method> <!-- springTestContextBeforeTestMethod -->
        <test-method status="PASS" signature="testUpdateEmployeeDetailsForReplaceFalseInvalidJobTitle()[pri:0, instance:com.organization.EmployeeApplicationTests@2b4bac49]" name="testUpdateEmployeeDetailsForReplaceFalseInvalidJobTitle" duration-ms="27" started-at="2019-10-25T11:59:23 IST" finished-at="2019-10-25T11:59:23 IST">
          <reporter-output>
          </reporter-output>
        </test-method> <!-- testUpdateEmployeeDetailsForReplaceFalseInvalidJobTitle -->
        <test-method status="PASS" signature="springTestContextAfterTestMethod(java.lang.reflect.Method)[pri:0, instance:com.organization.EmployeeApplicationTests@2b4bac49]" name="springTestContextAfterTestMethod" is-config="true" duration-ms="1" started-at="2019-10-25T11:59:23 IST" finished-at="2019-10-25T11:59:23 IST">
          <params>
            <param index="0">
              <value>
                <![CDATA[public void com.organization.EmployeeApplicationTests.testUpdateEmployeeDetailsForReplaceFalseInvalidJobTitle() throws java.lang.Exception]]>
              </value>
            </param>
          </params>
          <reporter-output>
          </reporter-output>
        </test-method> <!-- springTestContextAfterTestMethod -->
        <test-method status="PASS" signature="springTestContextBeforeTestMethod(java.lang.reflect.Method)[pri:0, instance:com.organization.EmployeeApplicationTests@2b4bac49]" name="springTestContextBeforeTestMethod" is-config="true" duration-ms="4" started-at="2019-10-25T11:59:23 IST" finished-at="2019-10-25T11:59:23 IST">
          <params>
            <param index="0">
              <value>
                <![CDATA[public void com.organization.EmployeeApplicationTests.testUpdateEmployeeDetailsForReplaceFalseInvalidManagerId() throws java.lang.Exception]]>
              </value>
            </param>
          </params>
          <reporter-output>
          </reporter-output>
        </test-method> <!-- springTestContextBeforeTestMethod -->
        <test-method status="PASS" signature="testUpdateEmployeeDetailsForReplaceFalseInvalidManagerId()[pri:0, instance:com.organization.EmployeeApplicationTests@2b4bac49]" name="testUpdateEmployeeDetailsForReplaceFalseInvalidManagerId" duration-ms="13" started-at="2019-10-25T11:59:23 IST" finished-at="2019-10-25T11:59:23 IST">
          <reporter-output>
          </reporter-output>
        </test-method> <!-- testUpdateEmployeeDetailsForReplaceFalseInvalidManagerId -->
        <test-method status="PASS" signature="springTestContextAfterTestMethod(java.lang.reflect.Method)[pri:0, instance:com.organization.EmployeeApplicationTests@2b4bac49]" name="springTestContextAfterTestMethod" is-config="true" duration-ms="1" started-at="2019-10-25T11:59:23 IST" finished-at="2019-10-25T11:59:23 IST">
          <params>
            <param index="0">
              <value>
                <![CDATA[public void com.organization.EmployeeApplicationTests.testUpdateEmployeeDetailsForReplaceFalseInvalidManagerId() throws java.lang.Exception]]>
              </value>
            </param>
          </params>
          <reporter-output>
          </reporter-output>
        </test-method> <!-- springTestContextAfterTestMethod -->
        <test-method status="PASS" signature="springTestContextBeforeTestMethod(java.lang.reflect.Method)[pri:0, instance:com.organization.EmployeeApplicationTests@2b4bac49]" name="springTestContextBeforeTestMethod" is-config="true" duration-ms="1" started-at="2019-10-25T11:59:23 IST" finished-at="2019-10-25T11:59:23 IST">
          <params>
            <param index="0">
              <value>
                <![CDATA[public void com.organization.EmployeeApplicationTests.testUpdateEmployeeDetailsForReplaceFalseJobTitleHighOrLow() throws java.lang.Exception]]>
              </value>
            </param>
          </params>
          <reporter-output>
          </reporter-output>
        </test-method> <!-- springTestContextBeforeTestMethod -->
        <test-method status="PASS" signature="testUpdateEmployeeDetailsForReplaceFalseJobTitleHighOrLow()[pri:0, instance:com.organization.EmployeeApplicationTests@2b4bac49]" name="testUpdateEmployeeDetailsForReplaceFalseJobTitleHighOrLow" duration-ms="17" started-at="2019-10-25T11:59:23 IST" finished-at="2019-10-25T11:59:23 IST">
          <reporter-output>
          </reporter-output>
        </test-method> <!-- testUpdateEmployeeDetailsForReplaceFalseJobTitleHighOrLow -->
        <test-method status="PASS" signature="springTestContextAfterTestMethod(java.lang.reflect.Method)[pri:0, instance:com.organization.EmployeeApplicationTests@2b4bac49]" name="springTestContextAfterTestMethod" is-config="true" duration-ms="2" started-at="2019-10-25T11:59:23 IST" finished-at="2019-10-25T11:59:23 IST">
          <params>
            <param index="0">
              <value>
                <![CDATA[public void com.organization.EmployeeApplicationTests.testUpdateEmployeeDetailsForReplaceFalseJobTitleHighOrLow() throws java.lang.Exception]]>
              </value>
            </param>
          </params>
          <reporter-output>
          </reporter-output>
        </test-method> <!-- springTestContextAfterTestMethod -->
        <test-method status="PASS" signature="springTestContextBeforeTestMethod(java.lang.reflect.Method)[pri:0, instance:com.organization.EmployeeApplicationTests@2b4bac49]" name="springTestContextBeforeTestMethod" is-config="true" duration-ms="1" started-at="2019-10-25T11:59:23 IST" finished-at="2019-10-25T11:59:23 IST">
          <params>
            <param index="0">
              <value>
                <![CDATA[public void com.organization.EmployeeApplicationTests.testUpdateEmployeeDetailsForReplaceFalseManagerIdWithSameOrLowerDesignation() throws java.lang.Exception]]>
              </value>
            </param>
          </params>
          <reporter-output>
          </reporter-output>
        </test-method> <!-- springTestContextBeforeTestMethod -->
        <test-method status="PASS" signature="testUpdateEmployeeDetailsForReplaceFalseManagerIdWithSameOrLowerDesignation()[pri:0, instance:com.organization.EmployeeApplicationTests@2b4bac49]" name="testUpdateEmployeeDetailsForReplaceFalseManagerIdWithSameOrLowerDesignation" duration-ms="12" started-at="2019-10-25T11:59:23 IST" finished-at="2019-10-25T11:59:23 IST">
          <reporter-output>
          </reporter-output>
        </test-method> <!-- testUpdateEmployeeDetailsForReplaceFalseManagerIdWithSameOrLowerDesignation -->
        <test-method status="PASS" signature="springTestContextAfterTestMethod(java.lang.reflect.Method)[pri:0, instance:com.organization.EmployeeApplicationTests@2b4bac49]" name="springTestContextAfterTestMethod" is-config="true" duration-ms="2" started-at="2019-10-25T11:59:23 IST" finished-at="2019-10-25T11:59:23 IST">
          <params>
            <param index="0">
              <value>
                <![CDATA[public void com.organization.EmployeeApplicationTests.testUpdateEmployeeDetailsForReplaceFalseManagerIdWithSameOrLowerDesignation() throws java.lang.Exception]]>
              </value>
            </param>
          </params>
          <reporter-output>
          </reporter-output>
        </test-method> <!-- springTestContextAfterTestMethod -->
        <test-method status="PASS" signature="springTestContextBeforeTestMethod(java.lang.reflect.Method)[pri:0, instance:com.organization.EmployeeApplicationTests@2b4bac49]" name="springTestContextBeforeTestMethod" is-config="true" duration-ms="2" started-at="2019-10-25T11:59:23 IST" finished-at="2019-10-25T11:59:23 IST">
          <params>
            <param index="0">
              <value>
                <![CDATA[public void com.organization.EmployeeApplicationTests.testUpdateEmployeeDetailsForReplaceTrue() throws java.lang.Exception]]>
              </value>
            </param>
          </params>
          <reporter-output>
          </reporter-output>
        </test-method> <!-- springTestContextBeforeTestMethod -->
        <test-method status="PASS" signature="testUpdateEmployeeDetailsForReplaceTrue()[pri:0, instance:com.organization.EmployeeApplicationTests@2b4bac49]" name="testUpdateEmployeeDetailsForReplaceTrue" duration-ms="29" started-at="2019-10-25T11:59:23 IST" finished-at="2019-10-25T11:59:23 IST">
          <reporter-output>
          </reporter-output>
        </test-method> <!-- testUpdateEmployeeDetailsForReplaceTrue -->
        <test-method status="PASS" signature="springTestContextAfterTestMethod(java.lang.reflect.Method)[pri:0, instance:com.organization.EmployeeApplicationTests@2b4bac49]" name="springTestContextAfterTestMethod" is-config="true" duration-ms="1" started-at="2019-10-25T11:59:23 IST" finished-at="2019-10-25T11:59:23 IST">
          <params>
            <param index="0">
              <value>
                <![CDATA[public void com.organization.EmployeeApplicationTests.testUpdateEmployeeDetailsForReplaceTrue() throws java.lang.Exception]]>
              </value>
            </param>
          </params>
          <reporter-output>
          </reporter-output>
        </test-method> <!-- springTestContextAfterTestMethod -->
        <test-method status="PASS" signature="springTestContextBeforeTestMethod(java.lang.reflect.Method)[pri:0, instance:com.organization.EmployeeApplicationTests@2b4bac49]" name="springTestContextBeforeTestMethod" is-config="true" duration-ms="3" started-at="2019-10-25T11:59:23 IST" finished-at="2019-10-25T11:59:23 IST">
          <params>
            <param index="0">
              <value>
                <![CDATA[public void com.organization.EmployeeApplicationTests.testUpdateEmployeeDetailsForReplaceTrueDesignationHighLow() throws java.lang.Exception]]>
              </value>
            </param>
          </params>
          <reporter-output>
          </reporter-output>
        </test-method> <!-- springTestContextBeforeTestMethod -->
        <test-method status="PASS" signature="testUpdateEmployeeDetailsForReplaceTrueDesignationHighLow()[pri:0, instance:com.organization.EmployeeApplicationTests@2b4bac49]" name="testUpdateEmployeeDetailsForReplaceTrueDesignationHighLow" duration-ms="24" started-at="2019-10-25T11:59:23 IST" finished-at="2019-10-25T11:59:23 IST">
          <reporter-output>
          </reporter-output>
        </test-method> <!-- testUpdateEmployeeDetailsForReplaceTrueDesignationHighLow -->
        <test-method status="PASS" signature="springTestContextAfterTestMethod(java.lang.reflect.Method)[pri:0, instance:com.organization.EmployeeApplicationTests@2b4bac49]" name="springTestContextAfterTestMethod" is-config="true" duration-ms="2" started-at="2019-10-25T11:59:23 IST" finished-at="2019-10-25T11:59:23 IST">
          <params>
            <param index="0">
              <value>
                <![CDATA[public void com.organization.EmployeeApplicationTests.testUpdateEmployeeDetailsForReplaceTrueDesignationHighLow() throws java.lang.Exception]]>
              </value>
            </param>
          </params>
          <reporter-output>
          </reporter-output>
        </test-method> <!-- springTestContextAfterTestMethod -->
        <test-method status="PASS" signature="springTestContextBeforeTestMethod(java.lang.reflect.Method)[pri:0, instance:com.organization.EmployeeApplicationTests@2b4bac49]" name="springTestContextBeforeTestMethod" is-config="true" duration-ms="2" started-at="2019-10-25T11:59:23 IST" finished-at="2019-10-25T11:59:23 IST">
          <params>
            <param index="0">
              <value>
                <![CDATA[public void com.organization.EmployeeApplicationTests.testUpdateEmployeeDetailsForReplaceTrueEmpNameNull() throws java.lang.Exception]]>
              </value>
            </param>
          </params>
          <reporter-output>
          </reporter-output>
        </test-method> <!-- springTestContextBeforeTestMethod -->
        <test-method status="PASS" signature="testUpdateEmployeeDetailsForReplaceTrueEmpNameNull()[pri:0, instance:com.organization.EmployeeApplicationTests@2b4bac49]" name="testUpdateEmployeeDetailsForReplaceTrueEmpNameNull" duration-ms="11" started-at="2019-10-25T11:59:23 IST" finished-at="2019-10-25T11:59:23 IST">
          <reporter-output>
          </reporter-output>
        </test-method> <!-- testUpdateEmployeeDetailsForReplaceTrueEmpNameNull -->
        <test-method status="PASS" signature="springTestContextAfterTestMethod(java.lang.reflect.Method)[pri:0, instance:com.organization.EmployeeApplicationTests@2b4bac49]" name="springTestContextAfterTestMethod" is-config="true" duration-ms="1" started-at="2019-10-25T11:59:23 IST" finished-at="2019-10-25T11:59:23 IST">
          <params>
            <param index="0">
              <value>
                <![CDATA[public void com.organization.EmployeeApplicationTests.testUpdateEmployeeDetailsForReplaceTrueEmpNameNull() throws java.lang.Exception]]>
              </value>
            </param>
          </params>
          <reporter-output>
          </reporter-output>
        </test-method> <!-- springTestContextAfterTestMethod -->
        <test-method status="PASS" signature="springTestContextBeforeTestMethod(java.lang.reflect.Method)[pri:0, instance:com.organization.EmployeeApplicationTests@2b4bac49]" name="springTestContextBeforeTestMethod" is-config="true" duration-ms="2" started-at="2019-10-25T11:59:23 IST" finished-at="2019-10-25T11:59:23 IST">
          <params>
            <param index="0">
              <value>
                <![CDATA[public void com.organization.EmployeeApplicationTests.testUpdateEmployeeDetailsForReplaceTrueJobTitleNull() throws java.lang.Exception]]>
              </value>
            </param>
          </params>
          <reporter-output>
          </reporter-output>
        </test-method> <!-- springTestContextBeforeTestMethod -->
        <test-method status="PASS" signature="testUpdateEmployeeDetailsForReplaceTrueJobTitleNull()[pri:0, instance:com.organization.EmployeeApplicationTests@2b4bac49]" name="testUpdateEmployeeDetailsForReplaceTrueJobTitleNull" duration-ms="20" started-at="2019-10-25T11:59:23 IST" finished-at="2019-10-25T11:59:23 IST">
          <reporter-output>
          </reporter-output>
        </test-method> <!-- testUpdateEmployeeDetailsForReplaceTrueJobTitleNull -->
        <test-method status="PASS" signature="springTestContextAfterTestMethod(java.lang.reflect.Method)[pri:0, instance:com.organization.EmployeeApplicationTests@2b4bac49]" name="springTestContextAfterTestMethod" is-config="true" duration-ms="1" started-at="2019-10-25T11:59:23 IST" finished-at="2019-10-25T11:59:23 IST">
          <params>
            <param index="0">
              <value>
                <![CDATA[public void com.organization.EmployeeApplicationTests.testUpdateEmployeeDetailsForReplaceTrueJobTitleNull() throws java.lang.Exception]]>
              </value>
            </param>
          </params>
          <reporter-output>
          </reporter-output>
        </test-method> <!-- springTestContextAfterTestMethod -->
        <test-method status="PASS" signature="springTestContextBeforeTestMethod(java.lang.reflect.Method)[pri:0, instance:com.organization.EmployeeApplicationTests@2b4bac49]" name="springTestContextBeforeTestMethod" is-config="true" duration-ms="2" started-at="2019-10-25T11:59:23 IST" finished-at="2019-10-25T11:59:23 IST">
          <params>
            <param index="0">
              <value>
                <![CDATA[public void com.organization.EmployeeApplicationTests.testUpdateEmployeeDetailsForValidEmployeeId() throws java.lang.Exception]]>
              </value>
            </param>
          </params>
          <reporter-output>
          </reporter-output>
        </test-method> <!-- springTestContextBeforeTestMethod -->
        <test-method status="PASS" signature="testUpdateEmployeeDetailsForValidEmployeeId()[pri:0, instance:com.organization.EmployeeApplicationTests@2b4bac49]" name="testUpdateEmployeeDetailsForValidEmployeeId" duration-ms="10" started-at="2019-10-25T11:59:23 IST" finished-at="2019-10-25T11:59:23 IST">
          <reporter-output>
          </reporter-output>
        </test-method> <!-- testUpdateEmployeeDetailsForValidEmployeeId -->
        <test-method status="PASS" signature="springTestContextAfterTestMethod(java.lang.reflect.Method)[pri:0, instance:com.organization.EmployeeApplicationTests@2b4bac49]" name="springTestContextAfterTestMethod" is-config="true" duration-ms="2" started-at="2019-10-25T11:59:23 IST" finished-at="2019-10-25T11:59:23 IST">
          <params>
            <param index="0">
              <value>
                <![CDATA[public void com.organization.EmployeeApplicationTests.testUpdateEmployeeDetailsForValidEmployeeId() throws java.lang.Exception]]>
              </value>
            </param>
          </params>
          <reporter-output>
          </reporter-output>
        </test-method> <!-- springTestContextAfterTestMethod -->
        <test-method status="PASS" signature="springTestContextAfterTestClass()[pri:0, instance:com.organization.EmployeeApplicationTests@2b4bac49]" name="springTestContextAfterTestClass" is-config="true" duration-ms="0" started-at="2019-10-25T11:59:23 IST" finished-at="2019-10-25T11:59:23 IST">
          <reporter-output>
          </reporter-output>
        </test-method> <!-- springTestContextAfterTestClass -->
      </class> <!-- com.organization.EmployeeApplicationTests -->
    </test> <!-- Surefire test -->
  </suite> <!-- Surefire suite -->
</testng-results>
