<?xml version="1.0" encoding="UTF-8"?>
<testsuite xmlns:xsi="http://www.w3.org/2001/XMLSchema-instance" xsi:noNamespaceSchemaLocation="https://maven.apache.org/surefire/maven-surefire-plugin/xsd/surefire-test-report.xsd" name="com.organization.EmployeeApplicationTests" time="22.253" tests="32" errors="0" skipped="0" failures="0">
  <properties>
[...]
</properties>
  <testcase name="TestForAddEmployee" classname="com.organization.EmployeeApplicationTests" time="0.393"/>
  <testcase name="TestForAddEmployeeForAddingAnotherDirector" classname="com.organization.EmployeeApplicationTests" time="0.091"/>
  <testcase name="TestForAddEmployeeForAddingEmployeeWithHigherOrEqualDesgnLevel" classname="com.organization.EmployeeApplicationTests" time="0.079"/>
  <testcase name="TestForAddEmployeeForAddingFirstEmployeeWithManagerId" classname="com.organization.EmployeeApplicationTests" time="0.065"/>
  <testcase name="TestForAddEmployeeForAddingFirstEmployeeWithNullManagerId" classname="com.organization.EmployeeApplicationTests" time="0.063"/>
  <testcase name="TestForAddEmployeeForInValidDesignation" classname="com.organization.EmployeeApplicationTests" time="0.069"/>
  <testcase name="TestForAddEmployeeForNullEmployeeName" classname="com.organization.EmployeeApplicationTests" time="0.089"/>
  <testcase name="TestForAddEmployeeForNullJobTile" classname="com.organization.EmployeeApplicationTests" time="0.072"/>
  <testcase name="TestForAddEmployeeForNullManagerId" classname="com.organization.EmployeeApplicationTests" time="0.102"/>
  <testcase name="TestForDeletingDirectorWithSubordinates" classname="com.organization.EmployeeApplicationTests" time="0.076"/>
  <testcase name="TestForDeletingDirectorWithoutSubordinates" classname="com.organization.EmployeeApplicationTests" time="0.061"/>
  <testcase name="getAllEmployeeNullTest" classname="com.organization.EmployeeApplicationTests" time="0.07"/>
  <testcase name="getAllEmployeeStatusTest" classname="com.organization.EmployeeApplicationTests" time="0.086"/>
  <testcase name="getAllEmployeeTest" classname="com.organization.EmployeeApplicationTests" time="0.107"/>
  <testcase name="testDeleteEmployeeByIdForEmployeeIdNotPresent" classname="com.organization.EmployeeApplicationTests" time="0.058"/>
  <testcase name="testDeleteEmployeeByIdForInvalidNegativeEmployeeId" classname="com.organization.EmployeeApplicationTests" time="0.058"/>
  <testcase name="testDeleteEmployeeByIdWithNoSubordinates" classname="com.organization.EmployeeApplicationTests" time="0.076"/>
  <testcase name="testDeleteEmployeeByIdWithSubordinates" classname="com.organization.EmployeeApplicationTests" time="0.078"/>
  <testcase name="testGetEmployeeByForEmployeeIdNotPresent" classname="com.organization.EmployeeApplicationTests" time="0.093"/>
  <testcase name="testGetEmployeeById" classname="com.organization.EmployeeApplicationTests" time="0.084"/>
  <testcase name="testGetEmployeeByIdForInvalidEmployeeId" classname="com.organization.EmployeeApplicationTests" time="0.076"/>
  <testcase name="testUpdateEmployeeDetailsForEmployeeIdNotPresent" classname="com.organization.EmployeeApplicationTests" time="0.076"/>
  <testcase name="testUpdateEmployeeDetailsForReplaceFalse" classname="com.organization.EmployeeApplicationTests" time="0.099"/>
  <testcase name="testUpdateEmployeeDetailsForReplaceFalseInvalidJobTitle" classname="com.organization.EmployeeApplicationTests" time="0.086"/>
  <testcase name="testUpdateEmployeeDetailsForReplaceFalseInvalidManagerId" classname="com.organization.EmployeeApplicationTests" time="0.088"/>
  <testcase name="testUpdateEmployeeDetailsForReplaceFalseJobTitleHighOrLow" classname="com.organization.EmployeeApplicationTests" time="0.095"/>
  <testcase name="testUpdateEmployeeDetailsForReplaceFalseManagerIdWithSameOrLowerDesignation" classname="com.organization.EmployeeApplicationTests" time="0.105"/>
  <testcase name="testUpdateEmployeeDetailsForReplaceTrue" classname="com.organization.EmployeeApplicationTests" time="0.161"/>
  <testcase name="testUpdateEmployeeDetailsForReplaceTrueDesignationHighLow" classname="com.organization.EmployeeApplicationTests" time="0.109"/>
  <testcase name="testUpdateEmployeeDetailsForReplaceTrueEmpNameNull" classname="com.organization.EmployeeApplicationTests" time="0.107"/>
  <testcase name="testUpdateEmployeeDetailsForReplaceTrueJobTitleNull" classname="com.organization.EmployeeApplicationTests" time="0.115"/>
  <testcase name="testUpdateEmployeeDetailsForValidEmployeeId" classname="com.organization.EmployeeApplicationTests" time="0.102"/>
</testsuite>